<?xml version="1.0" encoding="UTF-8"?>
<!-- Generated by org.testng.reporters.JUnitReportReporter -->
<testsuite skipped="0" hostname="DESKTOP-V123S32" name="testcases.RegTest" tests="1" failures="0" timestamp="2020-05-26T07:57:02 IST" time="0.017" errors="0">
  <testcase name="doRegister" time="0.017" classname="testcases.RegTest"/>
</testsuite> <!-- testcases.RegTest -->
